<?xml version="1.0" encoding="UTF-8" ?>
<testsuite tests="15" failures="0" name="TestSuite" time="0.003" errors="0" skipped="0">
  <properties>
    <property name="java.runtime.name" value="OpenJDK Runtime Environment"/>
    <property name="java.vm.version" value="18.0.2+0"/>
    <property name="sun.boot.library.path" value="/opt/homebrew/Cellar/openjdk/18.0.2/libexec/openjdk.jdk/Contents/Home/lib"/>
    <property name="maven.multiModuleProjectDirectory" value="/Users/rapido/ParkingSystem"/>
    <property name="java.vm.vendor" value="Homebrew"/>
    <property name="java.vendor.url" value="https://github.com/Homebrew/homebrew-core/issues"/>
    <property name="guice.disable.misplaced.annotation.check" value="true"/>
    <property name="path.separator" value=":"/>
    <property name="java.vm.name" value="OpenJDK 64-Bit Server VM"/>
    <property name="user.country" value="IN"/>
    <property name="sun.java.launcher" value="SUN_STANDARD"/>
    <property name="java.vm.specification.name" value="Java Virtual Machine Specification"/>
    <property name="user.dir" value="/Users/rapido/ParkingSystem"/>
    <property name="java.vm.compressedOopsMode" value="Zero based"/>
    <property name="java.runtime.version" value="18.0.2+0"/>
    <property name="os.arch" value="aarch64"/>
    <property name="java.io.tmpdir" value="/var/folders/ms/d4dhz0r93fd0331hxkyr898r0000gn/T/"/>
    <property name="line.separator" value="
"/>
    <property name="java.vm.specification.vendor" value="Oracle Corporation"/>
    <property name="os.name" value="Mac OS X"/>
    <property name="classworlds.conf" value="/opt/homebrew/Cellar/maven/3.8.6/libexec/bin/m2.conf"/>
    <property name="sun.jnu.encoding" value="UTF-8"/>
    <property name="java.library.path" value="/Users/rapido/Library/Java/Extensions:/Library/Java/Extensions:/Network/Library/Java/Extensions:/System/Library/Java/Extensions:/usr/lib/java:."/>
    <property name="maven.conf" value="/opt/homebrew/Cellar/maven/3.8.6/libexec/conf"/>
    <property name="jdk.debug" value="release"/>
    <property name="java.class.version" value="62.0"/>
    <property name="java.specification.name" value="Java Platform API Specification"/>
    <property name="sun.management.compiler" value="HotSpot 64-Bit Tiered Compilers"/>
    <property name="os.version" value="12.3"/>
    <property name="library.jansi.path" value="/opt/homebrew/Cellar/maven/3.8.6/libexec/lib/jansi-native"/>
    <property name="http.nonProxyHosts" value="local|*.local|169.254/16|*.169.254/16"/>
    <property name="user.home" value="/Users/rapido"/>
    <property name="user.timezone" value="Asia/Kolkata"/>
    <property name="file.encoding" value="UTF-8"/>
    <property name="java.specification.version" value="18"/>
    <property name="user.name" value="rapido"/>
    <property name="java.class.path" value="/opt/homebrew/Cellar/maven/3.8.6/libexec/boot/plexus-classworlds-2.6.0.jar"/>
    <property name="java.vm.specification.version" value="18"/>
    <property name="sun.arch.data.model" value="64"/>
    <property name="sun.java.command" value="org.codehaus.plexus.classworlds.launcher.Launcher install"/>
    <property name="java.home" value="/opt/homebrew/Cellar/openjdk/18.0.2/libexec/openjdk.jdk/Contents/Home"/>
    <property name="apple.awt.application.name" value="Launcher"/>
    <property name="user.language" value="en"/>
    <property name="java.specification.vendor" value="Oracle Corporation"/>
    <property name="java.vm.info" value="mixed mode, sharing"/>
    <property name="java.version" value="18.0.2"/>
    <property name="native.encoding" value="US-ASCII"/>
    <property name="java.vendor" value="Homebrew"/>
    <property name="sun.stderr.encoding" value="US-ASCII"/>
    <property name="maven.home" value="/opt/homebrew/Cellar/maven/3.8.6/libexec"/>
    <property name="file.separator" value="/"/>
    <property name="java.version.date" value="2022-07-19"/>
    <property name="java.vendor.url.bug" value="https://github.com/Homebrew/homebrew-core/issues"/>
    <property name="sun.io.unicode.encoding" value="UnicodeBig"/>
    <property name="sun.cpu.endian" value="little"/>
    <property name="java.vendor.version" value="Homebrew"/>
    <property name="sun.stdout.encoding" value="US-ASCII"/>
    <property name="socksNonProxyHosts" value="local|*.local|169.254/16|*.169.254/16"/>
    <property name="ftp.nonProxyHosts" value="local|*.local|169.254/16|*.169.254/16"/>
  </properties>
  <testcase classname="rapido.bike.paathshala.ParkingSystem.AttendantTest" name="shouldAllowParkingInFirstLotIfAllLotsAreVacant" time="0.003"/>
  <testcase classname="rapido.bike.paathshala.ParkingSystem.AttendantTest" name="shouldAllowParkingInSecondSlotIfOnlyFirstIsFilled" time="0"/>
  <testcase classname="rapido.bike.paathshala.ParkingSystem.AttendantTest" name="shouldAllowToUnParkIfVehicleIsPresentInAnyParkingLot" time="0"/>
  <testcase classname="rapido.bike.paathshala.ParkingSystem.AttendantTest" name="shouldNotAllowParkingIfAllSlotsAreFilled" time="0"/>
  <testcase classname="rapido.bike.paathshala.ParkingSystem.AttendantTest" name="shouldNotAllowToUnParkIfVehicleIsPresentInAnyParkingLot" time="0"/>
  <testcase classname="rapido.bike.paathshala.ParkingSystem.AttendantTest" name="shouldParkCarInThirdLotIfOneCarEachIsParkedInFirstTwoLots" time="0"/>
  <testcase classname="rapido.bike.paathshala.ParkingSystem.AttendantTest" name="shouldParkInSecondLotWhenFirstAndThirdLotHaveOneCarEach" time="0"/>
  <testcase classname="rapido.bike.paathshala.ParkingSystem.AttendantTest" name="shouldParkInThirdLotIfThreeCarsParkedInEachLotAndCarUnparkedFromThirdLot" time="0"/>
  <testcase classname="rapido.bike.paathshala.ParkingSystem.ParkingLotTest" name="shouldAllowParkingWhenParkingNotFull" time="0"/>
  <testcase classname="rapido.bike.paathshala.ParkingSystem.ParkingLotTest" name="shouldAllowUnparkIfCarIsParked" time="0"/>
  <testcase classname="rapido.bike.paathshala.ParkingSystem.ParkingLotTest" name="shouldNotAllowParkingWhenSlotIsFull" time="0"/>
  <testcase classname="rapido.bike.paathshala.ParkingSystem.ParkingLotTest" name="shouldNotAllowUnparkIfCarIsNotAlreadyParked" time="0"/>
  <testcase classname="rapido.bike.paathshala.ParkingSystem.ParkingLotTest" name="shouldNotifyOwnerWhenParkingAvailableAgain" time="0"/>
  <testcase classname="rapido.bike.paathshala.ParkingSystem.ParkingLotTest" name="shouldNotifyParkingOwnerWhenSlotIsFull" time="0"/>
  <testcase classname="rapido.bike.paathshala.ParkingSystem.ParkingLotTest" name="shouldNotifySecurityPersonWhenSlotIsFull" time="0"/>
</testsuite>