<?xml version="1.0" encoding="UTF-8"?>
<!-- Generated by org.testng.reporters.JUnitReportReporter -->
<testsuite hostname="Rapidos-MacBook-Pro-9.local" failures="0" tests="1" name="rapido.bike.paathshala.ParkingSystem.SecurityGuardTest" time="0.007" errors="0" timestamp="2022-08-08T21:44:45 IST" skipped="0">
  <testcase classname="rapido.bike.paathshala.ParkingSystem.SecurityGuardTest" name="shouldNotifySecurityPersonWhenSlotIsFull" time="0.007"/>
  <system-out/>
</testsuite> <!-- rapido.bike.paathshala.ParkingSystem.SecurityGuardTest -->
