<?xml version="1.0" encoding="UTF-8"?>
<!-- Generated by org.testng.reporters.JUnitReportReporter -->
<testsuite hostname="Rapidos-MacBook-Pro.local" failures="0" tests="7" name="rapido.bike.paathshala.ParkingSystem.ParkingLotTest" time="0.000" errors="0" timestamp="2022-08-07T22:43:22 IST" skipped="0">
  <testcase classname="rapido.bike.paathshala.ParkingSystem.ParkingLotTest" name="shouldNotifyOwnerWhenParkingAvailableAgain" time="0.000"/>
  <system-out/>
  <testcase classname="rapido.bike.paathshala.ParkingSystem.ParkingLotTest" name="shouldNotifyParkingOwnerWhenSlotIsFull" time="0.000"/>
  <system-out/>
  <testcase classname="rapido.bike.paathshala.ParkingSystem.ParkingLotTest" name="shouldNotifySecurityPersonWhenSlotIsFull" time="0.000"/>
  <system-out/>
  <testcase classname="rapido.bike.paathshala.ParkingSystem.ParkingLotTest" name="shouldAllowParkingWhenParkingNotFull" time="0.000"/>
  <system-out/>
  <testcase classname="rapido.bike.paathshala.ParkingSystem.ParkingLotTest" name="shouldNotAllowUnparkIfCarIsNotAlreadyParked" time="0.000"/>
  <system-out/>
  <testcase classname="rapido.bike.paathshala.ParkingSystem.ParkingLotTest" name="shouldAllowUnparkIfCarIsParked" time="0.000"/>
  <system-out/>
  <testcase classname="rapido.bike.paathshala.ParkingSystem.ParkingLotTest" name="shouldNotAllowParkingWhenSlotIsFull" time="0.000"/>
  <system-out/>
</testsuite> <!-- rapido.bike.paathshala.ParkingSystem.ParkingLotTest -->
