<?xml version="1.0" encoding="UTF-8"?>
<!-- Generated by org.testng.reporters.JUnitReportReporter -->
<testsuite hostname="Rapidos-MacBook-Pro-9.local" failures="0" tests="2" name="rapido.bike.paathshala.ParkingSystem.ParkingOwnerTest" time="0.216" errors="0" timestamp="2022-08-08T21:44:45 IST" skipped="0">
  <testcase classname="rapido.bike.paathshala.ParkingSystem.ParkingOwnerTest" name="shouldNotifyOwnerWhenParkingAvailableAgain" time="0.216"/>
  <system-out/>
  <testcase classname="rapido.bike.paathshala.ParkingSystem.ParkingOwnerTest" name="shouldNotifyParkingOwnerWhenSlotIsFull" time="0.000"/>
  <system-out/>
</testsuite> <!-- rapido.bike.paathshala.ParkingSystem.ParkingOwnerTest -->
