<?xml version="1.0" encoding="UTF-8"?>
<!-- Generated by org.testng.reporters.JUnitReportReporter -->
<testsuite hostname="Rapidos-MacBook-Pro-9.local" failures="0" tests="10" name="rapido.bike.paathshala.ParkingSystem.AttendantTest" time="0.005" errors="0" timestamp="2022-08-08T21:44:45 IST" skipped="0">
  <testcase classname="rapido.bike.paathshala.ParkingSystem.AttendantTest" name="shouldAllowToUnParkIfVehicleIsPresentInAnyParkingLot" time="0.003"/>
  <system-out/>
  <testcase classname="rapido.bike.paathshala.ParkingSystem.AttendantTest" name="shouldProvideNextSlotNumberWhenFirstSlotIsFilled" time="0.000"/>
  <system-out/>
  <testcase classname="rapido.bike.paathshala.ParkingSystem.AttendantTest" name="shouldNotAllowParkingIfAllSlotsAreFilled" time="0.000"/>
  <system-out/>
  <testcase classname="rapido.bike.paathshala.ParkingSystem.AttendantTest" name="shouldParkInThirdLotIfThreeCarsParkedInEachLotAndOneCarUnparkedFromThirdLot" time="0.001"/>
  <system-out/>
  <testcase classname="rapido.bike.paathshala.ParkingSystem.AttendantTest" name="shouldAllowParkingInSecondSlotIfOnlyFirstIsFilled" time="0.000"/>
  <system-out/>
  <testcase classname="rapido.bike.paathshala.ParkingSystem.AttendantTest" name="shouldAllowParkingInFirstLotIfAllLotsAreVacant" time="0.001"/>
  <system-out/>
  <testcase classname="rapido.bike.paathshala.ParkingSystem.AttendantTest" name="shouldParkCarInThirdLotIfOneCarEachIsParkedInFirstTwoLots" time="0.000"/>
  <system-out/>
  <testcase classname="rapido.bike.paathshala.ParkingSystem.AttendantTest" name="shouldNotAllowToUnParkIfVehicleIsNotPresentInAnyParkingLot" time="0.000"/>
  <system-out/>
  <testcase classname="rapido.bike.paathshala.ParkingSystem.AttendantTest" name="shouldProvideSameSlotNumberWhenFillLotUntilFullUsed" time="0.000"/>
  <system-out/>
  <testcase classname="rapido.bike.paathshala.ParkingSystem.AttendantTest" name="shouldParkInSecondLotWhenFirstAndThirdLotHaveOneCarEach" time="0.000"/>
  <system-out/>
</testsuite> <!-- rapido.bike.paathshala.ParkingSystem.AttendantTest -->
