<?xml version="1.0" encoding="UTF-8"?>
<!-- Generated by org.testng.reporters.JUnitReportReporter -->
<testsuite hostname="Rapidos-MacBook-Pro-9.local" failures="0" tests="4" name="rapido.bike.paathshala.ParkingSystem.ParkingLotTest" time="0.000" errors="0" timestamp="2022-08-08T21:44:45 IST" skipped="0">
  <testcase classname="rapido.bike.paathshala.ParkingSystem.ParkingLotTest" name="shouldAllowParkingWhenParkingNotFull" time="0.000"/>
  <system-out/>
  <testcase classname="rapido.bike.paathshala.ParkingSystem.ParkingLotTest" name="shouldNotAllowParkingWhenLotIsFull" time="0.000"/>
  <system-out/>
  <testcase classname="rapido.bike.paathshala.ParkingSystem.ParkingLotTest" name="shouldAllowUnparkIfCarIsParked" time="0.000"/>
  <system-out/>
  <testcase classname="rapido.bike.paathshala.ParkingSystem.ParkingLotTest" name="shouldNotAllowUnparkIfCarIsNotAlreadyParked" time="0.000"/>
  <system-out/>
</testsuite> <!-- rapido.bike.paathshala.ParkingSystem.ParkingLotTest -->
