<?xml version="1.0" encoding="UTF-8"?>
<!-- Generated by org.testng.reporters.JUnitReportReporter -->
<testsuite hostname="Rapidos-MacBook-Pro.local" failures="0" tests="8" name="rapido.bike.paathshala.ParkingSystem.AttendantTest" time="0.004" errors="0" timestamp="2022-08-07T22:43:22 IST" skipped="0">
  <testcase classname="rapido.bike.paathshala.ParkingSystem.AttendantTest" name="shouldParkCarInThirdLotIfOneCarEachIsParkedInFirstTwoLots" time="0.000"/>
  <system-out/>
  <testcase classname="rapido.bike.paathshala.ParkingSystem.AttendantTest" name="shouldAllowParkingInSecondSlotIfOnlyFirstIsFilled" time="0.000"/>
  <system-out/>
  <testcase classname="rapido.bike.paathshala.ParkingSystem.AttendantTest" name="shouldAllowToUnParkIfVehicleIsPresentInAnyParkingLot" time="0.000"/>
  <system-out/>
  <testcase classname="rapido.bike.paathshala.ParkingSystem.AttendantTest" name="shouldAllowParkingInFirstLotIfAllLotsAreVacant" time="0.003"/>
  <system-out/>
  <testcase classname="rapido.bike.paathshala.ParkingSystem.AttendantTest" name="shouldParkInSecondLotWhenFirstAndThirdLotHaveOneCarEach" time="0.000"/>
  <system-out/>
  <testcase classname="rapido.bike.paathshala.ParkingSystem.AttendantTest" name="shouldNotAllowToUnParkIfVehicleIsPresentInAnyParkingLot" time="0.001"/>
  <system-out/>
  <testcase classname="rapido.bike.paathshala.ParkingSystem.AttendantTest" name="shouldNotAllowParkingIfAllSlotsAreFilled" time="0.000"/>
  <system-out/>
  <testcase classname="rapido.bike.paathshala.ParkingSystem.AttendantTest" name="shouldParkInThirdLotIfThreeCarsParkedInEachLotAndCarUnparkedFromThirdLot" time="0.000"/>
  <system-out/>
</testsuite> <!-- rapido.bike.paathshala.ParkingSystem.AttendantTest -->
